2024-03-21 19:47:01,276 INFO o.a.j.u.JMeterUtils: Setting Locale to en_EN
2024-03-21 19:47:01,292 INFO o.a.j.JMeter: Loading user properties from: D:\softwaresInstalled\apacheJmeter541\bin\user.properties
2024-03-21 19:47:01,293 INFO o.a.j.JMeter: Loading system properties from: D:\softwaresInstalled\apacheJmeter541\bin\system.properties
2024-03-21 19:47:01,306 INFO o.a.j.JMeter: Copyright (c) 1998-2021 The Apache Software Foundation
2024-03-21 19:47:01,306 INFO o.a.j.JMeter: Version 5.4.1
2024-03-21 19:47:01,306 INFO o.a.j.JMeter: java.version=1.8.0_301
2024-03-21 19:47:01,306 INFO o.a.j.JMeter: java.vm.name=Java HotSpot(TM) 64-Bit Server VM
2024-03-21 19:47:01,306 INFO o.a.j.JMeter: os.name=Windows 10
2024-03-21 19:47:01,306 INFO o.a.j.JMeter: os.arch=amd64
2024-03-21 19:47:01,307 INFO o.a.j.JMeter: os.version=10.0
2024-03-21 19:47:01,307 INFO o.a.j.JMeter: file.encoding=GBK
2024-03-21 19:47:01,307 INFO o.a.j.JMeter: java.awt.headless=true
2024-03-21 19:47:01,307 INFO o.a.j.JMeter: Max memory     =1073741824
2024-03-21 19:47:01,307 INFO o.a.j.JMeter: Available Processors =4
2024-03-21 19:47:01,313 INFO o.a.j.JMeter: Default Locale=English (EN)
2024-03-21 19:47:01,313 INFO o.a.j.JMeter: JMeter  Locale=English (EN)
2024-03-21 19:47:01,313 INFO o.a.j.JMeter: JMeterHome=D:\softwaresInstalled\apacheJmeter541
2024-03-21 19:47:01,313 INFO o.a.j.JMeter: user.dir  =D:\github\albertrepository\code\jmeter
2024-03-21 19:47:01,314 INFO o.a.j.JMeter: PWD       =D:\github\albertrepository\code\jmeter
2024-03-21 19:47:08,844 INFO o.a.j.JMeter: IP: 99.99.99.200 Name: Master FullName: Master
2024-03-21 19:47:08,847 INFO o.a.j.JMeter: Setting property 'jmeter.reportgenerator.outputdir' to:'D:\github\albertrepository\code\jmeter\general\output'
2024-03-21 19:47:08,850 INFO o.a.j.s.FileServer: Default base='D:\github\albertrepository\code\jmeter'
2024-03-21 19:47:08,851 INFO o.a.j.s.FileServer: Set new base='D:\github\albertrepository\code\jmeter\general'
2024-03-21 19:47:08,998 INFO o.a.j.s.SaveService: Testplan (JMX) version: 2.2. Testlog (JTL) version: 2.2
2024-03-21 19:47:09,022 INFO o.a.j.s.SaveService: Using SaveService properties file encoding UTF-8
2024-03-21 19:47:09,028 INFO o.a.j.s.SaveService: Using SaveService properties version 5.0
2024-03-21 19:47:09,039 INFO o.a.j.s.SaveService: Loading file: D:\github\albertrepository\code\jmeter\general\general.jmx
2024-03-21 19:47:09,107 INFO o.a.j.p.h.s.HTTPSamplerBase: Parser for text/html is org.apache.jmeter.protocol.http.parser.LagartoBasedHtmlParser
2024-03-21 19:47:09,107 INFO o.a.j.p.h.s.HTTPSamplerBase: Parser for application/xhtml+xml is org.apache.jmeter.protocol.http.parser.LagartoBasedHtmlParser
2024-03-21 19:47:09,107 INFO o.a.j.p.h.s.HTTPSamplerBase: Parser for application/xml is org.apache.jmeter.protocol.http.parser.LagartoBasedHtmlParser
2024-03-21 19:47:09,108 INFO o.a.j.p.h.s.HTTPSamplerBase: Parser for text/xml is org.apache.jmeter.protocol.http.parser.LagartoBasedHtmlParser
2024-03-21 19:47:09,108 INFO o.a.j.p.h.s.HTTPSamplerBase: Parser for text/vnd.wap.wml is org.apache.jmeter.protocol.http.parser.RegexpHTMLParser
2024-03-21 19:47:09,108 INFO o.a.j.p.h.s.HTTPSamplerBase: Parser for text/css is org.apache.jmeter.protocol.http.parser.CssParser
2024-03-21 19:47:09,498 INFO o.a.j.e.KeyToolUtils: keytool found at 'keytool'
2024-03-21 19:47:09,498 INFO o.a.j.p.h.p.ProxyControl: HTTP(S) Test Script Recorder SSL Proxy will use keys that support embedded 3rd party resources in file D:\softwaresInstalled\apacheJmeter541\bin\proxyserver.jks
2024-03-21 19:47:09,507 INFO o.a.j.JMeter: Creating summariser <summary>
2024-03-21 19:47:09,512 INFO o.a.j.r.d.ReportGenerator: ReportGenerator will use for Parsing the separator: ','
2024-03-21 19:47:09,512 INFO o.a.j.r.d.ReportGenerator: Will generate report at end of test from  results file: D:\github\albertrepository\code\jmeter\general.jtl
2024-03-21 19:47:09,512 INFO o.a.j.r.d.ReportGenerator: Reading report generator properties from: D:\softwaresInstalled\apacheJmeter541\bin\reportgenerator.properties
2024-03-21 19:47:09,513 INFO o.a.j.r.d.ReportGenerator: Merging with JMeter properties
2024-03-21 19:47:09,518 INFO o.a.j.r.c.ReportGeneratorConfiguration: Property 'jmeter.reportgenerator.temp_dir' not found, using default value 'temp' instead.
2024-03-21 19:47:09,523 INFO o.a.j.r.c.ReportGeneratorConfiguration: Property 'jmeter.reportgenerator.apdex_per_transaction' not found, using default value 'null' instead.
2024-03-21 19:47:09,524 INFO o.a.j.r.c.ReportGeneratorConfiguration: apdex_per_transaction is empty, not APDEX per transaction customization
2024-03-21 19:47:09,524 INFO o.a.j.r.c.ReportGeneratorConfiguration: Property 'jmeter.reportgenerator.sample_filter' not found, using default value 'null' instead.
2024-03-21 19:47:09,524 INFO o.a.j.r.c.ReportGeneratorConfiguration: Property 'jmeter.reportgenerator.report_title' not found, using default value 'null' instead.
2024-03-21 19:47:09,524 INFO o.a.j.r.c.ReportGeneratorConfiguration: Property 'jmeter.reportgenerator.start_date' not found, using default value 'null' instead.
2024-03-21 19:47:09,524 INFO o.a.j.r.c.ReportGeneratorConfiguration: Property 'jmeter.reportgenerator.end_date' not found, using default value 'null' instead.
2024-03-21 19:47:09,524 INFO o.a.j.r.c.ReportGeneratorConfiguration: Property 'jmeter.reportgenerator.date_format' not found, using default value 'null' instead.
2024-03-21 19:47:09,527 INFO o.a.j.r.c.ReportGeneratorConfiguration: Will use date range start date: null, end date: null
2024-03-21 19:47:09,532 INFO o.a.j.r.c.ReportGeneratorConfiguration: Property 'jmeter.reportgenerator.graph.totalTPS.exclude_controllers' not found, using default value 'false' instead.
2024-03-21 19:47:09,532 INFO o.a.j.r.c.ReportGeneratorConfiguration: Property 'jmeter.reportgenerator.graph.activeThreadsOverTime.exclude_controllers' not found, using default value 'false' instead.
2024-03-21 19:47:09,532 INFO o.a.j.r.c.ReportGeneratorConfiguration: Property 'jmeter.reportgenerator.graph.timeVsThreads.exclude_controllers' not found, using default value 'false' instead.
2024-03-21 19:47:09,532 INFO o.a.j.r.c.ReportGeneratorConfiguration: Property 'jmeter.reportgenerator.graph.responseTimeDistribution.exclude_controllers' not found, using default value 'false' instead.
2024-03-21 19:47:09,532 INFO o.a.j.r.c.ReportGeneratorConfiguration: Property 'jmeter.reportgenerator.graph.transactionsPerSecond.exclude_controllers' not found, using default value 'false' instead.
2024-03-21 19:47:09,532 INFO o.a.j.r.c.ReportGeneratorConfiguration: Property 'jmeter.reportgenerator.graph.responseTimePercentiles.exclude_controllers' not found, using default value 'false' instead.
2024-03-21 19:47:09,533 INFO o.a.j.r.c.ReportGeneratorConfiguration: Property 'jmeter.reportgenerator.graph.responseTimePercentilesOverTime.exclude_controllers' not found, using default value 'false' instead.
2024-03-21 19:47:09,533 INFO o.a.j.r.c.ReportGeneratorConfiguration: Property 'jmeter.reportgenerator.graph.responseTimesOverTime.exclude_controllers' not found, using default value 'false' instead.
2024-03-21 19:47:09,533 INFO o.a.j.r.c.ReportGeneratorConfiguration: Property 'jmeter.reportgenerator.graph.connectTimeOverTime.exclude_controllers' not found, using default value 'false' instead.
2024-03-21 19:47:09,533 INFO o.a.j.r.c.ReportGeneratorConfiguration: Property 'jmeter.reportgenerator.graph.latenciesOverTime.exclude_controllers' not found, using default value 'false' instead.
2024-03-21 19:47:09,534 INFO o.a.j.r.c.ReportGeneratorConfiguration: Property 'jmeter.reportgenerator.exporter.json.filters_only_sample_series' not found, using default value 'true' instead.
2024-03-21 19:47:09,534 INFO o.a.j.r.c.ReportGeneratorConfiguration: Property 'jmeter.reportgenerator.exporter.json.series_filter' not found, using default value '' instead.
2024-03-21 19:47:09,534 INFO o.a.j.r.c.ReportGeneratorConfiguration: Property 'jmeter.reportgenerator.exporter.json.show_controllers_only' not found, using default value 'false' instead.
2024-03-21 19:47:09,535 INFO o.a.j.r.c.ReportGeneratorConfiguration: Property 'jmeter.reportgenerator.exporter.html.filters_only_sample_series' not found, using default value 'true' instead.
2024-03-21 19:47:09,535 INFO o.a.j.r.c.ReportGeneratorConfiguration: Property 'jmeter.reportgenerator.exporter.html.series_filter' not found, using default value '' instead.
2024-03-21 19:47:09,535 INFO o.a.j.r.c.ReportGeneratorConfiguration: Property 'jmeter.reportgenerator.exporter.html.show_controllers_only' not found, using default value 'false' instead.
2024-03-21 19:47:09,544 INFO o.a.j.e.StandardJMeterEngine: Running the test!
2024-03-21 19:47:09,545 INFO o.a.j.s.SampleEvent: List of sample_variables: []
2024-03-21 19:47:09,545 INFO o.a.j.s.SampleEvent: List of sample_variables: []
2024-03-21 19:47:09,552 INFO o.a.j.e.u.CompoundVariable: Note: Function class names must contain the string: '.functions.'
2024-03-21 19:47:09,552 INFO o.a.j.e.u.CompoundVariable: Note: Function class names must not contain the string: '.gui.'
2024-03-21 19:47:09,995 INFO o.a.j.JMeter: Running test (1711021629995)
2024-03-21 19:47:10,034 INFO o.a.j.e.StandardJMeterEngine: Starting ThreadGroup: 1 : Thread Group-SQL
2024-03-21 19:47:10,034 INFO o.a.j.e.StandardJMeterEngine: Starting 5 threads for group Thread Group-SQL.
2024-03-21 19:47:10,035 INFO o.a.j.e.StandardJMeterEngine: Thread will continue on error
2024-03-21 19:47:10,035 INFO o.a.j.t.ThreadGroup: Starting thread group... number=1 threads=5 ramp-up=2 delayedStart=false
2024-03-21 19:47:10,042 INFO o.a.j.t.ThreadGroup: Started thread group number 1
2024-03-21 19:47:10,042 INFO o.a.j.e.StandardJMeterEngine: All thread groups have been started
2024-03-21 19:47:10,044 INFO o.a.j.t.JMeterThread: Thread started: Thread Group-SQL 1-1
2024-03-21 19:47:10,049 INFO o.a.j.s.SampleResult: Note: Sample TimeStamps are END times
2024-03-21 19:47:10,049 INFO o.a.j.s.SampleResult: sampleresult.default.encoding is set to UTF-8
2024-03-21 19:47:10,049 INFO o.a.j.s.SampleResult: sampleresult.useNanoTime=true
2024-03-21 19:47:10,049 INFO o.a.j.s.SampleResult: sampleresult.nanoThreadSleep=5000
2024-03-21 19:47:10,439 INFO o.a.j.t.JMeterThread: Thread started: Thread Group-SQL 1-2
2024-03-21 19:47:10,839 INFO o.a.j.t.JMeterThread: Thread started: Thread Group-SQL 1-3
2024-03-21 19:47:11,239 INFO o.a.j.t.JMeterThread: Thread started: Thread Group-SQL 1-4
2024-03-21 19:47:11,666 INFO o.a.j.t.JMeterThread: Thread started: Thread Group-SQL 1-5
2024-03-21 19:47:11,683 INFO o.a.j.t.JMeterThread: Thread is done: Thread Group-SQL 1-2
2024-03-21 19:47:11,683 INFO o.a.j.t.JMeterThread: Thread finished: Thread Group-SQL 1-2
2024-03-21 19:47:11,700 INFO o.a.j.t.JMeterThread: Thread is done: Thread Group-SQL 1-4
2024-03-21 19:47:11,700 INFO o.a.j.t.JMeterThread: Thread finished: Thread Group-SQL 1-4
2024-03-21 19:47:11,701 INFO o.a.j.t.JMeterThread: Thread is done: Thread Group-SQL 1-1
2024-03-21 19:47:11,701 INFO o.a.j.t.JMeterThread: Thread finished: Thread Group-SQL 1-1
2024-03-21 19:47:11,706 INFO o.a.j.t.JMeterThread: Thread is done: Thread Group-SQL 1-3
2024-03-21 19:47:11,706 INFO o.a.j.t.JMeterThread: Thread finished: Thread Group-SQL 1-3
2024-03-21 19:47:11,737 INFO o.a.j.t.JMeterThread: Thread is done: Thread Group-SQL 1-5
2024-03-21 19:47:11,737 INFO o.a.j.t.JMeterThread: Thread finished: Thread Group-SQL 1-5
2024-03-21 19:47:11,739 INFO o.a.j.e.StandardJMeterEngine: Notifying test listeners of end of test
2024-03-21 19:47:11,756 INFO o.a.j.r.Summariser: summary =      5 in 00:00:02 =    2.8/s Avg:   849 Min:    70 Max:  1641 Err:     0 (0.00%)
2024-03-21 19:47:11,759 INFO o.a.j.JMeter: Generating Dashboard
2024-03-21 19:47:11,762 INFO o.a.j.r.d.ReportGenerator: Flushing result collector before report Generation
2024-03-21 19:47:11,792 INFO o.a.j.r.p.NormalizerSampleConsumer: Using format, 'ms', to parse timeStamp field
2024-03-21 19:47:11,874 INFO o.a.j.r.p.AbstractSampleConsumer: class org.apache.jmeter.report.processor.AggregateConsumer#stopProducing(): beginDate produced 0 samples
2024-03-21 19:47:11,874 INFO o.a.j.r.p.AbstractSampleConsumer: class org.apache.jmeter.report.processor.AggregateConsumer#stopProducing(): endDate produced 0 samples
2024-03-21 19:47:11,877 INFO o.a.j.r.p.AbstractSampleConsumer: class org.apache.jmeter.report.processor.ApdexSummaryConsumer#stopProducing(): apdexSummary produced 0 samples
2024-03-21 19:47:11,877 INFO o.a.j.r.p.AbstractSampleConsumer: class org.apache.jmeter.report.processor.RequestsSummaryConsumer#stopProducing(): requestsSummary produced 0 samples
2024-03-21 19:47:11,884 INFO o.a.j.r.p.AbstractSampleConsumer: class org.apache.jmeter.report.processor.StatisticsSummaryConsumer#stopProducing(): statisticsSummary produced 0 samples
2024-03-21 19:47:11,888 INFO o.a.j.r.p.AbstractSampleConsumer: class org.apache.jmeter.report.processor.Top5ErrorsBySamplerConsumer#stopProducing(): top5ErrorsBySampler produced 0 samples
2024-03-21 19:47:11,888 INFO o.a.j.r.p.AbstractSampleConsumer: class org.apache.jmeter.report.processor.ErrorsSummaryConsumer#stopProducing(): errorsSummary produced 0 samples
2024-03-21 19:47:11,888 INFO o.a.j.r.p.AbstractSampleConsumer: class org.apache.jmeter.report.processor.graph.impl.HitsPerSecondGraphConsumer#stopProducing(): hitsPerSecond produced 0 samples
2024-03-21 19:47:11,908 INFO o.a.j.r.p.AbstractSampleConsumer: class org.apache.jmeter.report.processor.graph.impl.LatencyVSRequestGraphConsumer#stopProducing(): latencyVsRequest produced 0 samples
2024-03-21 19:47:11,908 INFO o.a.j.r.p.AbstractSampleConsumer: class org.apache.jmeter.report.processor.graph.impl.SyntheticResponseTimeDistributionGraphConsumer#stopProducing(): syntheticResponseTimeDistribution produced 0 samples
2024-03-21 19:47:11,909 INFO o.a.j.r.p.AbstractSampleConsumer: class org.apache.jmeter.report.processor.graph.impl.BytesThroughputGraphConsumer#stopProducing(): bytesThroughputOverTime produced 0 samples
2024-03-21 19:47:11,909 INFO o.a.j.r.p.AbstractSampleConsumer: class org.apache.jmeter.report.processor.graph.impl.CodesPerSecondGraphConsumer#stopProducing(): codesPerSecond produced 0 samples
2024-03-21 19:47:11,913 INFO o.a.j.r.p.AbstractSampleConsumer: class org.apache.jmeter.report.processor.graph.impl.ResponseTimeVSRequestGraphConsumer#stopProducing(): responseTimeVsRequest produced 0 samples
2024-03-21 19:47:11,913 INFO o.a.j.r.p.AbstractSampleConsumer: class org.apache.jmeter.report.processor.FilterConsumer#stopProducing(): startIntervalControlerFilter produced 35 samples
2024-03-21 19:47:11,913 INFO o.a.j.r.p.AbstractSampleConsumer: class org.apache.jmeter.report.processor.graph.impl.TotalTPSGraphConsumer#stopProducing(): totalTPS produced 0 samples
2024-03-21 19:47:11,913 INFO o.a.j.r.p.AbstractSampleConsumer: class org.apache.jmeter.report.processor.graph.impl.ActiveThreadsGraphConsumer#stopProducing(): activeThreadsOverTime produced 0 samples
2024-03-21 19:47:11,913 INFO o.a.j.r.p.AbstractSampleConsumer: class org.apache.jmeter.report.processor.graph.impl.TimeVSThreadGraphConsumer#stopProducing(): timeVsThreads produced 0 samples
2024-03-21 19:47:11,914 INFO o.a.j.r.p.AbstractSampleConsumer: class org.apache.jmeter.report.processor.graph.impl.ResponseTimeDistributionGraphConsumer#stopProducing(): responseTimeDistribution produced 0 samples
2024-03-21 19:47:11,914 INFO o.a.j.r.p.AbstractSampleConsumer: class org.apache.jmeter.report.processor.graph.impl.TransactionsPerSecondGraphConsumer#stopProducing(): transactionsPerSecond produced 0 samples
2024-03-21 19:47:11,914 INFO o.a.j.r.p.AbstractSampleConsumer: class org.apache.jmeter.report.processor.graph.impl.ResponseTimePercentilesGraphConsumer#stopProducing(): responseTimePercentiles produced 0 samples
2024-03-21 19:47:11,915 INFO o.a.j.r.p.AbstractSampleConsumer: class org.apache.jmeter.report.processor.graph.impl.ResponseTimePercentilesOverTimeGraphConsumer#stopProducing(): responseTimePercentilesOverTime produced 0 samples
2024-03-21 19:47:11,916 INFO o.a.j.r.p.AbstractSampleConsumer: class org.apache.jmeter.report.processor.graph.impl.ResponseTimeOverTimeGraphConsumer#stopProducing(): responseTimesOverTime produced 0 samples
2024-03-21 19:47:11,916 INFO o.a.j.r.p.AbstractSampleConsumer: class org.apache.jmeter.report.processor.graph.impl.ConnectTimeOverTimeGraphConsumer#stopProducing(): connectTimeOverTime produced 0 samples
2024-03-21 19:47:11,916 INFO o.a.j.r.p.AbstractSampleConsumer: class org.apache.jmeter.report.processor.graph.impl.LatencyOverTimeGraphConsumer#stopProducing(): latenciesOverTime produced 0 samples
2024-03-21 19:47:11,916 INFO o.a.j.r.p.AbstractSampleConsumer: class org.apache.jmeter.report.processor.FilterConsumer#stopProducing(): nameFilter produced 75 samples
2024-03-21 19:47:11,916 INFO o.a.j.r.p.AbstractSampleConsumer: class org.apache.jmeter.report.processor.FilterConsumer#stopProducing(): dateRangeFilter produced 15 samples
2024-03-21 19:47:11,916 INFO o.a.j.r.p.AbstractSampleConsumer: class org.apache.jmeter.report.processor.NormalizerSampleConsumer#stopProducing(): normalizer produced 5 samples
2024-03-21 19:47:11,917 INFO o.a.j.r.p.CsvFileSampleSource: produce(): 5 samples produced in 91ms on channel 0
2024-03-21 19:47:11,917 INFO o.a.j.r.d.ReportGenerator: Exporting data using exporter:'json' of className:'org.apache.jmeter.report.dashboard.JsonExporter'
2024-03-21 19:47:12,074 INFO o.a.j.r.d.JsonExporter: Found data for consumer statisticsSummary?in context
2024-03-21 19:47:12,074 INFO o.a.j.r.d.JsonExporter: Creating statistics for overall
2024-03-21 19:47:12,075 INFO o.a.j.r.d.JsonExporter: Creating statistics for other transactions
2024-03-21 19:47:12,075 INFO o.a.j.r.d.JsonExporter: Checking output folder
2024-03-21 19:47:12,075 INFO o.a.j.r.d.JsonExporter: Writing statistics JSON to D:\github\albertrepository\code\jmeter\general\output\statistics.json
2024-03-21 19:47:12,121 INFO o.a.j.r.d.ReportGenerator: Exporting data using exporter:'html' of className:'org.apache.jmeter.report.dashboard.HtmlTemplateExporter'
2024-03-21 19:47:12,125 INFO o.a.j.r.d.HtmlTemplateExporter: Will generate dashboard in folder: D:\github\albertrepository\code\jmeter\general\output
2024-03-21 19:47:12,260 INFO o.a.j.r.d.HtmlTemplateExporter: Report will be generated in: D:\github\albertrepository\code\jmeter\general\output, creating folder structure
2024-03-21 19:47:12,263 INFO o.a.j.r.d.TemplateVisitor: Copying folder from 'D:\softwaresInstalled\apacheJmeter541\bin\report-template' to 'D:\github\albertrepository\code\jmeter\general\output', got message: D:\github\albertrepository\code\jmeter\general\output, found non empty folder with following content [D:\github\albertrepository\code\jmeter\general\output\statistics.json], will be ignored
2024-03-21 19:47:12,684 INFO o.a.j.JMeter: Dashboard generated
